This is XeTeX, Version 3.14159265-2.6-0.99998 (MiKTeX 2.9.6500 64-bit) (preloaded format=xelatex 2018.1.20)  8 MAR 2018 23:45
entering extended mode
**C:/Users/Manohar/texmf/bibtex/bib/misc/uts-gautam.bib
(C:/Users/Manohar/texmf/bibtex/bib/misc/uts-gautam.bib
LaTeX2e <2017-04-15>
Babel <3.16> and hyphenation patterns for 76 language(s) loaded.

! LaTeX Error: Missing \begin{document}.

See the LaTeX manual or LaTeX Companion for explanation.
Type  H <return>  for immediate help.
 ...                                              
                                                  
l.1 @
     string(oup ^^I= {Oxford University Press}) 
Here is how much of TeX's memory you used:
 8 strings out of 427830
 316 string characters out of 3152377
 61109 words of memory out of 3000000
 4065 multiletter control sequences out of 15000+200000
 3640 words of font info for 14 fonts, out of 3000000 for 9000
 1328 hyphenation exceptions out of 8191
 5i,0n,4p,97b,14s stack positions out of 5000i,500n,10000p,200000b,50000s

No pages of output.
